0 info it worked if it ends with ok
1 verbose cli [ '/usr/local/bin/node', '/usr/local/bin/npm', 'run', 'build' ]
2 info using npm@4.1.2
3 info using node@v7.5.0
4 verbose run-script [ 'prebuild', 'build', 'postbuild' ]
5 info lifecycle acn_ml@1.0.0~prebuild: acn_ml@1.0.0
6 silly lifecycle acn_ml@1.0.0~prebuild: no script for prebuild, continuing
7 info lifecycle acn_ml@1.0.0~build: acn_ml@1.0.0
8 verbose lifecycle acn_ml@1.0.0~build: unsafe-perm in lifecycle true
9 verbose lifecycle acn_ml@1.0.0~build: PATH: /usr/local/lib/node_modules/npm/bin/node-gyp-bin:/Users/dev/apps/acn_ml/node_modules/.bin:/Users/dev/google-cloud-sdk/bin:/Users/dev/.yarn/bin:/Users/dev/.rbenv/shims:/usr/local/bin:/usr/bin:/bin:/usr/sbin:/sbin
10 verbose lifecycle acn_ml@1.0.0~build: CWD: /Users/dev/apps/acn_ml
11 silly lifecycle acn_ml@1.0.0~build: Args: [ '-c', 'webpack --p' ]
12 info lifecycle acn_ml@1.0.0~build: Failed to exec build script
13 verbose stack Error: acn_ml@1.0.0 build: `webpack --p`
13 verbose stack spawn ENOENT
13 verbose stack     at ChildProcess.<anonymous> (/usr/local/lib/node_modules/npm/lib/utils/spawn.js:33:16)
13 verbose stack     at emitTwo (events.js:106:13)
13 verbose stack     at ChildProcess.emit (events.js:192:7)
13 verbose stack     at maybeClose (internal/child_process.js:890:16)
13 verbose stack     at Process.ChildProcess._handle.onexit (internal/child_process.js:226:5)
14 verbose pkgid acn_ml@1.0.0
15 verbose cwd /Users/dev/apps/acn_ml
16 error Darwin 16.6.0
17 error argv "/usr/local/bin/node" "/usr/local/bin/npm" "run" "build"
18 error node v7.5.0
19 error npm  v4.1.2
20 error file sh
21 error code ELIFECYCLE
22 error errno ENOENT
23 error syscall spawn
24 error acn_ml@1.0.0 build: `webpack --p`
24 error spawn ENOENT
25 error Failed at the acn_ml@1.0.0 build script 'webpack --p'.
25 error Make sure you have the latest version of node.js and npm installed.
25 error If you do, this is most likely a problem with the acn_ml package,
25 error not with npm itself.
25 error Tell the author that this fails on your system:
25 error     webpack --p
25 error You can get information on how to open an issue for this project with:
25 error     npm bugs acn_ml
25 error Or if that isn't available, you can get their info via:
25 error     npm owner ls acn_ml
25 error There is likely additional logging output above.
26 verbose exit [ 1, true ]
